<?xml version="1.0" encoding="UTF-8"?>
<!-- Generated by org.testng.reporters.JUnitReportReporter -->
<testsuite hostname="nb-sfa" failures="0" tests="3" name="com.herokuapp.theinternet.LoginTests" time="114.606" errors="0" timestamp="2021-04-23T11:33:09 PKT" skipped="0">
  <testcase classname="com.herokuapp.theinternet.LoginTests" name="loginTest" time="63.504"/>
  <system-out/>
  <testcase classname="com.herokuapp.theinternet.LoginTests" name="negativeLoginTest" time="23.388"/>
  <system-out/>
  <testcase classname="com.herokuapp.theinternet.LoginTests" name="negativeLoginTest" time="27.714"/>
  <system-out/>
</testsuite> <!-- com.herokuapp.theinternet.LoginTests -->
