<?xml version="1.0" encoding="UTF-8"?>
<!-- Generated by org.testng.reporters.JUnitReportReporter -->
<testsuite hostname="nb-sfa" failures="0" tests="3" name="com.herokuapp.theinternet.LoginTests" time="37.646" errors="0" timestamp="2021-04-21T13:41:05 PKT" skipped="0">
  <testcase classname="com.herokuapp.theinternet.LoginTests" name="loginTest" time="13.576"/>
  <system-out/>
  <testcase classname="com.herokuapp.theinternet.LoginTests" name="negativeLoginTest" time="11.418"/>
  <system-out/>
  <testcase classname="com.herokuapp.theinternet.LoginTests" name="negativeLoginTest" time="12.652"/>
  <system-out/>
</testsuite> <!-- com.herokuapp.theinternet.LoginTests -->
