<?xml version="1.0" encoding="UTF-8"?>
<!-- Generated by org.testng.reporters.JUnitReportReporter -->
<testsuite hostname="nb-sfa" failures="0" tests="3" name="com.herokuapp.theinternet.LoginTests" time="73.721" errors="0" timestamp="2021-05-23T19:35:50 PKT" skipped="0">
  <testcase classname="com.herokuapp.theinternet.LoginTests" name="loginTest" time="31.703"/>
  <system-out/>
  <testcase classname="com.herokuapp.theinternet.LoginTests" name="negativeLoginTest" time="23.703"/>
  <system-out/>
  <testcase classname="com.herokuapp.theinternet.LoginTests" name="negativeLoginTest" time="18.315"/>
  <system-out/>
</testsuite> <!-- com.herokuapp.theinternet.LoginTests -->
