<?xml version="1.0" encoding="UTF-8"?>
<!-- Generated by org.testng.reporters.JUnitReportReporter -->
<testsuite hostname="nb-sfa" failures="0" tests="2" name="com.herokuapp.theinternet.NegativeTests" time="34.317" errors="0" timestamp="2021-03-30T10:38:59 PKT" skipped="0">
  <testcase classname="com.herokuapp.theinternet.NegativeTests" name="incorrectUsername" time="18.738"/>
  <system-out/>
  <testcase classname="com.herokuapp.theinternet.NegativeTests" name="incorrectPassword" time="15.579"/>
  <system-out/>
</testsuite> <!-- com.herokuapp.theinternet.NegativeTests -->
