<?xml version="1.0" encoding="UTF-8"?>
<!-- Generated by org.testng.reporters.JUnitReportReporter -->
<testsuite hostname="nb-sfa" failures="0" tests="1" name="com.herokuapp.theinternet.PositiveTests" time="16.428" errors="0" timestamp="2021-03-30T10:38:59 PKT" skipped="0">
  <testcase classname="com.herokuapp.theinternet.PositiveTests" name="loginTest" time="16.428"/>
  <system-out/>
</testsuite> <!-- com.herokuapp.theinternet.PositiveTests -->
